<?xml version="1.0" encoding="UTF-8"?>
<!-- Generated by org.testng.reporters.JUnitXMLReporter -->
<testsuite ignored="0" hostname="evy" failures="0" tests="3" name="qdPM_automation" time="12.194" errors="0" timestamp="2022-12-29T14:54:11 IST">
  <testcase classname="testcases.LoginTest" name="tc_loginLogout" time="3.516"/>
  <testcase classname="testcases.AddTaskTest" name="tc_addTask" time="6.185"/>
  <testcase classname="testcases.AddTicketTest" name="tc_addTicket" time="7.059"/>
</testsuite> <!-- qdPM_automation -->
